<?xml version="1.0" encoding="UTF-8"?>
<!-- Generated by org.testng.reporters.JUnitReportReporter -->
<testsuite skipped="0" hostname="i7dell" name="news360SiteTests.SignInWithEmailTest" tests="5" failures="0" timestamp="25 Aug 2017 07:52:44 GMT" time="17.380" errors="0">
  <testcase name="InvalidLoginTests" time="3.705" classname="news360SiteTests.SignInWithEmailTest"/>
  <testcase name="InvalidLoginTests" time="3.628" classname="news360SiteTests.SignInWithEmailTest"/>
  <testcase name="InvalidLoginTests" time="2.705" classname="news360SiteTests.SignInWithEmailTest"/>
  <testcase name="InvalidLoginTests" time="3.325" classname="news360SiteTests.SignInWithEmailTest"/>
  <testcase name="SignInWithExistingEmail" time="4.017" classname="news360SiteTests.SignInWithEmailTest"/>
</testsuite> <!-- news360SiteTests.SignInWithEmailTest -->
