<?xml version="1.0" encoding="UTF-8"?>
<!-- Generated by org.testng.reporters.JUnitReportReporter -->
<testsuite skipped="0" hostname="i7dell" name="logins.SingInWithEmails" tests="1" failures="0" timestamp="22 Aug 2017 08:23:41 GMT" time="8.897" errors="0">
  <testcase name="f" time="8.897" classname="logins.SingInWithEmails"/>
</testsuite> <!-- logins.SingInWithEmails -->
