<?xml version="1.0" encoding="UTF-8"?>
<!-- Generated by org.testng.reporters.JUnitReportReporter -->
<testsuite skipped="0" hostname="i7dell" name="news360SiteTests.PasswordRecoveryTest" tests="1" failures="0" timestamp="25 Aug 2017 07:52:44 GMT" time="16.114" errors="0">
  <testcase name="RecoverPasswordTest" time="16.114" classname="news360SiteTests.PasswordRecoveryTest"/>
</testsuite> <!-- news360SiteTests.PasswordRecoveryTest -->
