<?xml version="1.0" encoding="UTF-8"?>
<!-- Generated by org.testng.reporters.JUnitReportReporter -->
<testsuite skipped="0" hostname="i7dell" name="news360SiteTests.SignUpTest" tests="7" failures="0" timestamp="25 Aug 2017 07:52:44 GMT" time="26.201" errors="0">
  <testcase name="newSignUp" time="6.392" classname="news360SiteTests.SignUpTest"/>
  <testcase name="signUpWithAccountAlreadyExists" time="2.803" classname="news360SiteTests.SignUpTest"/>
  <testcase name="InvalidSignUpTests" time="2.620" classname="news360SiteTests.SignUpTest"/>
  <testcase name="InvalidSignUpTests" time="3.468" classname="news360SiteTests.SignUpTest"/>
  <testcase name="InvalidSignUpTests" time="3.910" classname="news360SiteTests.SignUpTest"/>
  <testcase name="InvalidSignUpTests" time="3.614" classname="news360SiteTests.SignUpTest"/>
  <testcase name="InvalidSignUpTests" time="3.394" classname="news360SiteTests.SignUpTest"/>
</testsuite> <!-- news360SiteTests.SignUpTest -->
